[1003/200933.190:ERROR:http_transport_win.cc(276)] WinHttpSendRequest: この操作を正しく終了しました。 (0x0)
[1003/201851.195:ERROR:prune_crash_reports.cc(36)] PruneCrashReportDatabase: Failed to get pending reports
[1003/202000.909:ERROR:process_reader_win.cc(123)] NtOpenThread: {アクセス拒否} プロセスはオブジェクトのアクセスを要求しましたが、アクセス権が与えられていません。 (0xc0000022)
[1003/202000.942:ERROR:exception_snapshot_win.cc(99)] thread ID 11560 not found in process
[1003/202001.527:ERROR:process_reader_win.cc(151)] SuspendThread: アクセスが拒否されました。 (0x5)
[1003/202001.542:ERROR:process_reader_win.cc(123)] NtOpenThread: {アクセス拒否} プロセスはオブジェクトのアクセスを要求しましたが、アクセス権が与えられていません。 (0xc0000022)
[1003/202001.543:ERROR:exception_snapshot_win.cc(99)] thread ID 4948 not found in process
[1003/202002.332:ERROR:process_reader_win.cc(123)] NtOpenThread: {アクセス拒否} プロセスはオブジェクトのアクセスを要求しましたが、アクセス権が与えられていません。 (0xc0000022)
[1003/202002.334:ERROR:exception_snapshot_win.cc(99)] thread ID 6636 not found in process
[1003/202003.939:ERROR:process_reader_win.cc(123)] NtOpenThread: {アクセス拒否} プロセスはオブジェクトのアクセスを要求しましたが、アクセス権が与えられていません。 (0xc0000022)
[1003/202003.947:ERROR:exception_snapshot_win.cc(99)] thread ID 5172 not found in process
[1003/203256.542:ERROR:process_reader_win.cc(151)] SuspendThread: アクセスが拒否されました。 (0x5)
[1003/203256.545:ERROR:process_reader_win.cc(123)] NtOpenThread: {アクセス拒否} プロセスはオブジェクトのアクセスを要求しましたが、アクセス権が与えられていません。 (0xc0000022)
[1003/203256.545:ERROR:exception_snapshot_win.cc(99)] thread ID 11672 not found in process
[1003/203256.552:ERROR:process_reader_win.cc(151)] SuspendThread: アクセスが拒否されました。 (0x5)
[1003/203256.554:ERROR:process_reader_win.cc(151)] SuspendThread: アクセスが拒否されました。 (0x5)
[1003/203256.554:ERROR:process_reader_win.cc(123)] NtOpenThread: {アクセス拒否} プロセスはオブジェクトのアクセスを要求しましたが、アクセス権が与えられていません。 (0xc0000022)
[1003/203256.555:ERROR:exception_snapshot_win.cc(99)] thread ID 10600 not found in process
[1003/203256.587:ERROR:process_reader_win.cc(151)] SuspendThread: アクセスが拒否されました。 (0x5)
[1003/203256.588:ERROR:process_reader_win.cc(151)] SuspendThread: アクセスが拒否されました。 (0x5)
[1003/203256.588:ERROR:process_reader_win.cc(123)] NtOpenThread: {アクセス拒否} プロセスはオブジェクトのアクセスを要求しましたが、アクセス権が与えられていません。 (0xc0000022)
[1003/203256.588:ERROR:exception_snapshot_win.cc(99)] thread ID 10456 not found in process
[1003/203256.608:ERROR:process_reader_win.cc(151)] SuspendThread: アクセスが拒否されました。 (0x5)
[1003/203256.608:ERROR:process_reader_win.cc(151)] SuspendThread: アクセスが拒否されました。 (0x5)
[1003/203256.608:ERROR:process_reader_win.cc(151)] SuspendThread: アクセスが拒否されました。 (0x5)
[1003/203256.608:ERROR:process_reader_win.cc(151)] SuspendThread: アクセスが拒否されました。 (0x5)
[1003/203256.608:ERROR:process_reader_win.cc(151)] SuspendThread: アクセスが拒否されました。 (0x5)
[1003/203256.609:ERROR:process_reader_win.cc(123)] NtOpenThread: {アクセス拒否} プロセスはオブジェクトのアクセスを要求しましたが、アクセス権が与えられていません。 (0xc0000022)
[1003/203256.609:ERROR:exception_snapshot_win.cc(99)] thread ID 9812 not found in process
[1003/203442.377:ERROR:process_reader_win.cc(151)] SuspendThread: アクセスが拒否されました。 (0x5)
[1003/203442.378:ERROR:process_reader_win.cc(123)] NtOpenThread: {アクセス拒否} プロセスはオブジェクトのアクセスを要求しましたが、アクセス権が与えられていません。 (0xc0000022)
[1003/203442.379:ERROR:exception_snapshot_win.cc(99)] thread ID 4004 not found in process
[1003/203442.433:ERROR:process_reader_win.cc(151)] SuspendThread: アクセスが拒否されました。 (0x5)
[1003/203442.433:ERROR:process_reader_win.cc(151)] SuspendThread: アクセスが拒否されました。 (0x5)
[1003/203442.433:ERROR:process_reader_win.cc(123)] NtOpenThread: {アクセス拒否} プロセスはオブジェクトのアクセスを要求しましたが、アクセス権が与えられていません。 (0xc0000022)
[1003/203442.433:ERROR:exception_snapshot_win.cc(99)] thread ID 7496 not found in process
[1003/203442.449:ERROR:process_reader_win.cc(151)] SuspendThread: アクセスが拒否されました。 (0x5)
[1003/203442.450:ERROR:process_reader_win.cc(151)] SuspendThread: アクセスが拒否されました。 (0x5)
[1003/203442.450:ERROR:process_reader_win.cc(151)] SuspendThread: アクセスが拒否されました。 (0x5)
[1003/203442.450:ERROR:process_reader_win.cc(151)] SuspendThread: アクセスが拒否されました。 (0x5)
[1003/203442.450:ERROR:process_reader_win.cc(123)] NtOpenThread: {アクセス拒否} プロセスはオブジェクトのアクセスを要求しましたが、アクセス権が与えられていません。 (0xc0000022)
[1003/203442.450:ERROR:exception_snapshot_win.cc(99)] thread ID 9044 not found in process
